<?xml version="1.0" encoding="UTF-8"?>
<!-- Generated by org.testng.reporters.JUnitReportReporter -->
<testsuite skipped="0" hostname="Bhuvanesh-PC" name="hivcmstestcase.hivloginpagetest" tests="1" failures="0" timestamp="05 Apr 2018 09:06:22 GMT" time="5.988" errors="0">
  <testcase name="user" time="5.988" classname="hivcmstestcase.hivloginpagetest"/>
</testsuite> <!-- hivcmstestcase.hivloginpagetest -->
