<?xml version="1.0" encoding="UTF-8"?>
<!-- Generated by org.testng.reporters.JUnitReportReporter -->
<testsuite skipped="0" hostname="Bhuvanesh-PC" name="hivcmstestcase.testexecution" tests="1" failures="0" timestamp="24 May 2018 06:54:14 GMT" time="43.348" errors="0">
  <testcase name="setup" time="43.348" classname="hivcmstestcase.testexecution"/>
</testsuite> <!-- hivcmstestcase.testexecution -->
