<?xml version="1.0" encoding="UTF-8"?>
<!-- Generated by org.testng.reporters.JUnitReportReporter -->
<testsuite skipped="0" hostname="DESKTOP-4Q0KT54" name="hivcmstestcase.hivdashpagetest" tests="1" failures="0" timestamp="22 Mar 2018 07:44:26 GMT" time="30.946" errors="0">
  <testcase name="verifydashpage" time="30.946" classname="hivcmstestcase.hivdashpagetest"/>
</testsuite> <!-- hivcmstestcase.hivdashpagetest -->
